2021-04-24 15:51:03.669  INFO 12732 --- [restartedMain] com.irm.demo.DemoApplication             : Starting DemoApplication using Java 15.0.2 on DESKTOP-E9UPI94 with PID 12732 (C:\Users\charlie\IdeaProjects\blog\target\classes started by charlie in C:\Users\charlie\IdeaProjects\blog)
2021-04-24 15:51:03.671  INFO 12732 --- [restartedMain] com.irm.demo.DemoApplication             : No active profile set, falling back to default profiles: default
2021-04-24 15:51:03.697  INFO 12732 --- [restartedMain] .e.DevToolsPropertyDefaultsPostProcessor : Devtools property defaults active! Set 'spring.devtools.add-properties' to 'false' to disable
2021-04-24 15:51:03.698  INFO 12732 --- [restartedMain] .e.DevToolsPropertyDefaultsPostProcessor : For additional web related logging consider setting the 'logging.level.web' property to 'DEBUG'
2021-04-24 15:51:04.013  INFO 12732 --- [restartedMain] .s.d.r.c.RepositoryConfigurationDelegate : Bootstrapping Spring Data JPA repositories in DEFAULT mode.
2021-04-24 15:51:04.022  INFO 12732 --- [restartedMain] .s.d.r.c.RepositoryConfigurationDelegate : Finished Spring Data repository scanning in 3 ms. Found 0 JPA repository interfaces.
2021-04-24 15:51:04.325  INFO 12732 --- [restartedMain] o.s.b.w.embedded.tomcat.TomcatWebServer  : Tomcat initialized with port(s): 8080 (http)
2021-04-24 15:51:04.331  INFO 12732 --- [restartedMain] o.apache.catalina.core.StandardService   : Starting service [Tomcat]
2021-04-24 15:51:04.331  INFO 12732 --- [restartedMain] org.apache.catalina.core.StandardEngine  : Starting Servlet engine: [Apache Tomcat/9.0.45]
2021-04-24 15:51:04.383  INFO 12732 --- [restartedMain] o.a.c.c.C.[Tomcat].[localhost].[/]       : Initializing Spring embedded WebApplicationContext
2021-04-24 15:51:04.383  INFO 12732 --- [restartedMain] w.s.c.ServletWebServerApplicationContext : Root WebApplicationContext: initialization completed in 685 ms
2021-04-24 15:51:04.467  INFO 12732 --- [restartedMain] o.hibernate.jpa.internal.util.LogHelper  : HHH000204: Processing PersistenceUnitInfo [name: default]
2021-04-24 15:51:04.489  INFO 12732 --- [restartedMain] org.hibernate.Version                    : HHH000412: Hibernate ORM core version 5.4.30.Final
2021-04-24 15:51:04.545  INFO 12732 --- [restartedMain] o.hibernate.annotations.common.Version   : HCANN000001: Hibernate Commons Annotations {5.1.2.Final}
2021-04-24 15:51:04.591  INFO 12732 --- [restartedMain] com.zaxxer.hikari.HikariDataSource       : HikariPool-1 - Starting...
2021-04-24 15:51:04.592  WARN 12732 --- [restartedMain] com.zaxxer.hikari.util.DriverDataSource  : Registered driver with driverClassName=com.mysql.jdbc.Driver was not found, trying direct instantiation.
2021-04-24 15:51:04.755  INFO 12732 --- [restartedMain] com.zaxxer.hikari.HikariDataSource       : HikariPool-1 - Start completed.
2021-04-24 15:51:04.766  INFO 12732 --- [restartedMain] org.hibernate.dialect.Dialect            : HHH000400: Using dialect: org.hibernate.dialect.MySQL8Dialect
2021-04-24 15:51:04.873  INFO 12732 --- [restartedMain] o.h.e.t.j.p.i.JtaPlatformInitiator       : HHH000490: Using JtaPlatform implementation: [org.hibernate.engine.transaction.jta.platform.internal.NoJtaPlatform]
2021-04-24 15:51:04.879  INFO 12732 --- [restartedMain] j.LocalContainerEntityManagerFactoryBean : Initialized JPA EntityManagerFactory for persistence unit 'default'
2021-04-24 15:51:04.901  INFO 12732 --- [restartedMain] o.s.b.d.a.OptionalLiveReloadServer       : LiveReload server is running on port 35729
2021-04-24 15:51:04.926  WARN 12732 --- [restartedMain] JpaBaseConfiguration$JpaWebConfiguration : spring.jpa.open-in-view is enabled by default. Therefore, database queries may be performed during view rendering. Explicitly configure spring.jpa.open-in-view to disable this warning
2021-04-24 15:51:04.994  INFO 12732 --- [restartedMain] o.s.s.concurrent.ThreadPoolTaskExecutor  : Initializing ExecutorService 'applicationTaskExecutor'
2021-04-24 15:51:05.108  INFO 12732 --- [restartedMain] o.s.b.w.embedded.tomcat.TomcatWebServer  : Tomcat started on port(s): 8080 (http) with context path ''
2021-04-24 15:51:05.116  INFO 12732 --- [restartedMain] com.irm.demo.DemoApplication             : Started DemoApplication in 1.687 seconds (JVM running for 2.136)
2021-04-24 15:51:52.997  INFO 18916 --- [restartedMain] com.irm.demo.DemoApplication             : Starting DemoApplication using Java 15.0.2 on DESKTOP-E9UPI94 with PID 18916 (C:\Users\charlie\IdeaProjects\blog\target\classes started by charlie in C:\Users\charlie\IdeaProjects\blog)
2021-04-24 15:51:52.998  INFO 18916 --- [restartedMain] com.irm.demo.DemoApplication             : No active profile set, falling back to default profiles: default
2021-04-24 15:51:53.025  INFO 18916 --- [restartedMain] .e.DevToolsPropertyDefaultsPostProcessor : Devtools property defaults active! Set 'spring.devtools.add-properties' to 'false' to disable
2021-04-24 15:51:53.026  INFO 18916 --- [restartedMain] .e.DevToolsPropertyDefaultsPostProcessor : For additional web related logging consider setting the 'logging.level.web' property to 'DEBUG'
2021-04-24 15:51:53.341  INFO 18916 --- [restartedMain] .s.d.r.c.RepositoryConfigurationDelegate : Bootstrapping Spring Data JPA repositories in DEFAULT mode.
2021-04-24 15:51:53.349  INFO 18916 --- [restartedMain] .s.d.r.c.RepositoryConfigurationDelegate : Finished Spring Data repository scanning in 3 ms. Found 0 JPA repository interfaces.
2021-04-24 15:51:53.652  INFO 18916 --- [restartedMain] o.s.b.w.embedded.tomcat.TomcatWebServer  : Tomcat initialized with port(s): 8080 (http)
2021-04-24 15:51:53.657  INFO 18916 --- [restartedMain] o.apache.catalina.core.StandardService   : Starting service [Tomcat]
2021-04-24 15:51:53.658  INFO 18916 --- [restartedMain] org.apache.catalina.core.StandardEngine  : Starting Servlet engine: [Apache Tomcat/9.0.45]
2021-04-24 15:51:53.712  INFO 18916 --- [restartedMain] o.a.c.c.C.[Tomcat].[localhost].[/]       : Initializing Spring embedded WebApplicationContext
2021-04-24 15:51:53.712  INFO 18916 --- [restartedMain] w.s.c.ServletWebServerApplicationContext : Root WebApplicationContext: initialization completed in 686 ms
2021-04-24 15:51:53.795  INFO 18916 --- [restartedMain] o.hibernate.jpa.internal.util.LogHelper  : HHH000204: Processing PersistenceUnitInfo [name: default]
2021-04-24 15:51:53.817  INFO 18916 --- [restartedMain] org.hibernate.Version                    : HHH000412: Hibernate ORM core version 5.4.30.Final
2021-04-24 15:51:53.872  INFO 18916 --- [restartedMain] o.hibernate.annotations.common.Version   : HCANN000001: Hibernate Commons Annotations {5.1.2.Final}
2021-04-24 15:51:53.918  INFO 18916 --- [restartedMain] com.zaxxer.hikari.HikariDataSource       : HikariPool-1 - Starting...
2021-04-24 15:51:54.078  INFO 18916 --- [restartedMain] com.zaxxer.hikari.HikariDataSource       : HikariPool-1 - Start completed.
2021-04-24 15:51:54.089  INFO 18916 --- [restartedMain] org.hibernate.dialect.Dialect            : HHH000400: Using dialect: org.hibernate.dialect.MySQL8Dialect
2021-04-24 15:51:54.195  INFO 18916 --- [restartedMain] o.h.e.t.j.p.i.JtaPlatformInitiator       : HHH000490: Using JtaPlatform implementation: [org.hibernate.engine.transaction.jta.platform.internal.NoJtaPlatform]
2021-04-24 15:51:54.201  INFO 18916 --- [restartedMain] j.LocalContainerEntityManagerFactoryBean : Initialized JPA EntityManagerFactory for persistence unit 'default'
2021-04-24 15:51:54.221  INFO 18916 --- [restartedMain] o.s.b.d.a.OptionalLiveReloadServer       : LiveReload server is running on port 35729
2021-04-24 15:51:54.244  WARN 18916 --- [restartedMain] JpaBaseConfiguration$JpaWebConfiguration : spring.jpa.open-in-view is enabled by default. Therefore, database queries may be performed during view rendering. Explicitly configure spring.jpa.open-in-view to disable this warning
2021-04-24 15:51:54.309  INFO 18916 --- [restartedMain] o.s.s.concurrent.ThreadPoolTaskExecutor  : Initializing ExecutorService 'applicationTaskExecutor'
2021-04-24 15:51:54.418  INFO 18916 --- [restartedMain] o.s.b.w.embedded.tomcat.TomcatWebServer  : Tomcat started on port(s): 8080 (http) with context path ''
2021-04-24 15:51:54.426  INFO 18916 --- [restartedMain] com.irm.demo.DemoApplication             : Started DemoApplication in 1.664 seconds (JVM running for 2.122)
